*** Starting uWSGI 2.0.17.1 (64bit) on [Fri Feb  1 11:12:43 2019] ***
compiled with version: 5.4.0 20160609 on 23 January 2019 10:12:53
os: Linux-4.4.0-141-generic #167-Ubuntu SMP Wed Dec 5 10:40:15 UTC 2018
nodename: VM-0-4-ubuntu
machine: x86_64
clock source: unix
pcre jit disabled
detected number of CPU cores: 1
current working directory: /home/ubuntu/gpaCrawler
detected binary path: /home/ubuntu/gpaCrawler/venv/bin/uwsgi
chdir() to /home/ubuntu/gpaCrawler
your processes number limit is 7325
your memory page size is 4096 bytes
detected max file descriptor number: 1024
lock engine: pthread robust mutexes
thunder lock: disabled (you can enable it with --thunder-lock)
uWSGI http bound on 127.0.0.1:5000 fd 4
uwsgi socket 0 bound to TCP address 127.0.0.1:45446 (port auto-assigned) fd 3
Python version: 2.7.12 (default, Nov 12 2018, 14:36:49)  [GCC 5.4.0 20160609]
!!! Python Home is not a directory: /home/ubuntu/gpaCrawler/ven !!!
Set PythonHome to /home/ubuntu/gpaCrawler/ven
ImportError: No module named site
*** Starting uWSGI 2.0.17.1 (64bit) on [Fri Feb  1 11:24:45 2019] ***
compiled with version: 5.4.0 20160609 on 23 January 2019 10:12:53
os: Linux-4.4.0-141-generic #167-Ubuntu SMP Wed Dec 5 10:40:15 UTC 2018
nodename: VM-0-4-ubuntu
machine: x86_64
clock source: unix
pcre jit disabled
detected number of CPU cores: 1
current working directory: /home/ubuntu/gpaCrawler
detected binary path: /home/ubuntu/gpaCrawler/venv/bin/uwsgi
chdir() to /home/ubuntu/gpaCrawler
your processes number limit is 7325
your memory page size is 4096 bytes
detected max file descriptor number: 1024
lock engine: pthread robust mutexes
thunder lock: disabled (you can enable it with --thunder-lock)
uWSGI http bound on 127.0.0.1:5000 fd 4
uwsgi socket 0 bound to TCP address 127.0.0.1:46559 (port auto-assigned) fd 3
Python version: 2.7.12 (default, Nov 12 2018, 14:36:49)  [GCC 5.4.0 20160609]
!!! Python Home is not a directory: /home/ubuntu/gpaCrawler/ven !!!
Set PythonHome to /home/ubuntu/gpaCrawler/ven
ImportError: No module named site
*** Starting uWSGI 2.0.17.1 (64bit) on [Fri Feb  1 11:25:39 2019] ***
compiled with version: 5.4.0 20160609 on 23 January 2019 10:12:53
os: Linux-4.4.0-141-generic #167-Ubuntu SMP Wed Dec 5 10:40:15 UTC 2018
nodename: VM-0-4-ubuntu
machine: x86_64
clock source: unix
pcre jit disabled
detected number of CPU cores: 1
current working directory: /home/ubuntu/gpaCrawler
detected binary path: /home/ubuntu/gpaCrawler/venv/bin/uwsgi
chdir() to /home/ubuntu/gpaCrawler
your processes number limit is 7325
your memory page size is 4096 bytes
detected max file descriptor number: 1024
lock engine: pthread robust mutexes
thunder lock: disabled (you can enable it with --thunder-lock)
uWSGI http bound on 127.0.0.1:5000 fd 4
uwsgi socket 0 bound to TCP address 127.0.0.1:42072 (port auto-assigned) fd 3
Python version: 2.7.12 (default, Nov 12 2018, 14:36:49)  [GCC 5.4.0 20160609]
Set PythonHome to /home/ubuntu/gpaCrawler/venv
Python main interpreter initialized at 0x2413880
python threads support enabled
your server socket listen backlog is limited to 100 connections
your mercy for graceful operations on workers is 60 seconds
mapped 166688 bytes (162 KB) for 2 cores
*** Operational MODE: threaded ***
WSGI app 0 (mountpoint='') ready in 1 seconds on interpreter 0x2413880 pid: 6477 (default app)
*** uWSGI is running in multiple interpreter mode ***
spawned uWSGI master process (pid: 6477)
spawned uWSGI worker 1 (pid: 6479, cores: 2)
*** Stats server enabled on 127.0.0.1:9191 fd: 12 ***
spawned uWSGI http 1 (pid: 6480)
Fri Feb  1 11:27:44 2019 - uWSGI worker 1 screams: UAAAAAAH my master disconnected: i will kill myself !!!
