login_fail_refresh_captcha
login_fail_refresh_captcha
login_fail_refresh_captcha
login_fail_refresh_captcha
login_fail_refresh_captcha
login_fail_refresh_captcha
login_fail_refresh_captcha
login_fail_refresh_captcha
login_fail_refresh_captcha
login_fail_refresh_captcha
login_fail_refresh_captcha
login_fail_refresh_captcha
login_fail_refresh_captcha
login_fail_refresh_captcha
login_fail_refresh_captcha
login_fail_refresh_captcha
login_fail_refresh_captcha
login_fail_refresh_captcha
login_fail_refresh_captcha
login_fail_refresh_captcha
login_fail_refresh_captcha
[{'grade': [{'grade': u'92', 'credit': u'2', 'gpa': u'4', 'lesson_name': u'\u8ba1\u7b97\u673a\u5e94\u7528\u57fa\u7840'}, {'grade': u'95', 'credit': u'1', 'gpa': u'4', 'lesson_name': u'\u5c31\u4e1a\u6307\u5bfc'}, {'grade': u'74', 'credit': u'1', 'gpa': u'2.3', 'lesson_name': u'\u521b\u4e1a\u57fa\u7840'}, {'grade': u'75', 'credit': u'3', 'gpa': u'2.7', 'lesson_name': u'\u5927\u5b66\u82f1\u8bed\uff081\uff09'}, {'grade': u'83', 'credit': u'3', 'gpa': u'3.3', 'lesson_name': u'\u521b\u610f\u7d20\u63cf'}, {'grade': u'86', 'credit': u'3', 'gpa': u'3.7', 'lesson_name': u'\u5927\u5b66\u8bed\u6587'}, {'grade': u'97', 'credit': u'3', 'gpa': u'4', 'lesson_name': u'\u6570\u5b57\u5a92\u4f53\u6982\u8bba'}, {'grade': u'90', 'credit': u'1', 'gpa': u'4', 'lesson_name': u'\u516c\u5171\u4f53\u80b2\uff081\uff09'}, {'grade': u'86', 'credit': u'2', 'gpa': u'3.7', 'lesson_name': u'\u519b\u8bad'}, {'grade': u'87', 'credit': u'2', 'gpa': u'3.7', 'lesson_name': u'\u5927\u5b66\u751f\u5fc3\u7406\u5065\u5eb7'}, {'grade': u'93', 'credit': u'2', 'gpa': u'4', 'lesson_name': u'\u4e2d\u56fd\u8fd1\u73b0\u4ee3\u53f2\u7eb2\u8981'}, {'grade': u'87', 'credit': u'0.5', 'gpa': u'3.7', 'lesson_name': u'\u5f62\u52bf\u4e0e\u653f\u7b56\uff081\uff09'}], 'term': u'2017-2018-1'}, {'grade': [{'grade': u'95', 'credit': u'2', 'gpa': u'4', 'lesson_name': u'\u6570\u636e\u5e93\u53ca\u5176\u5e94\u7528'}, {'grade': u'77', 'credit': u'4', 'gpa': u'2.7', 'lesson_name': u'\u5927\u5b66\u82f1\u8bed\uff082\uff09'}, {'grade': u'92', 'credit': u'3', 'gpa': u'4', 'lesson_name': u'\u521b\u610f\u8272\u5f69'}, {'grade': u'95', 'credit': u'3', 'gpa': u'4', 'lesson_name': u'\u827a\u672f\u6982\u8bba'}, {'grade': u'89', 'credit': u'2', 'gpa': u'3.7', 'lesson_name': u'\u8bbe\u8ba1\u6982\u8bba'}, {'grade': u'96', 'credit': u'2', 'gpa': u'4', 'lesson_name': u'\u4e2d\u5916\u7f8e\u672f\u53f2'}, {'grade': u'86', 'credit': u'3', 'gpa': u'3.7', 'lesson_name': u'\u52a8\u6001\u901f\u5199'}, {'grade': u'89', 'credit': u'2', 'gpa': u'3.7', 'lesson_name': u'\u4ea4\u54cd\u97f3\u4e50\u6b23\u8d4f'}, {'grade': u'96', 'credit': u'1', 'gpa': u'4', 'lesson_name': u'\u516c\u5171\u4f53\u80b2\uff082\uff09'}, {'grade': u'88', 'credit': u'2', 'gpa': u'3.7', 'lesson_name': u'\u519b\u4e8b\u7406\u8bba'}, {'grade': u'85', 'credit': u'3', 'gpa': u'3.7', 'lesson_name': u'\u6bdb\u6cfd\u4e1c\u601d\u60f3\u548c\u4e2d\u56fd\u7279\u8272\u793e\u4f1a\u4e3b\u4e49\u7406\u8bba\u4f53\u7cfb\u6982\u8bba\uff08\u4e0a\uff09'}, {'grade': u'94', 'credit': u'2', 'gpa': u'4', 'lesson_name': u'\u601d\u60f3\u9053\u5fb7\u4fee\u517b\u4e0e\u6cd5\u5f8b\u57fa\u7840'}, {'grade': u'88', 'credit': u'0.5', 'gpa': u'3.7', 'lesson_name': u'\u5f62\u52bf\u4e0e\u653f\u7b56\uff082\uff09'}], 'term': u'2017-2018-2'}, {'grade': [{'grade': u'78', 'credit': u'3', 'gpa': u'3', 'lesson_name': u'\u5927\u5b66\u82f1\u8bed\uff083\uff09'}, {'grade': u'87', 'credit': u'3', 'gpa': u'3.7', 'lesson_name': u'\u6784\u6210\u827a\u672f'}, {'grade': u'91', 'credit': u'2', 'gpa': u'4', 'lesson_name': u'\u5267\u672c\u7f16\u5199'}, {'grade': u'88', 'credit': u'3', 'gpa': u'3.7', 'lesson_name': u'\u539f\u753b\u4e0e\u4e2d\u95f4\u753b\u8bbe\u8ba1'}, {'grade': u'90', 'credit': u'3', 'gpa': u'4', 'lesson_name': u'\u6570\u5b57\u63d2\u753b'}, {'grade': u'87', 'credit': u'3', 'gpa': u'3.7', 'lesson_name': u'\u6570\u5b57\u97f3\u9891'}, {'grade': u'89', 'credit': u'3', 'gpa': u'3.7', 'lesson_name': u'\u6444\u5f71\u4e0e\u6444\u50cf\u6280\u672f'}, {'grade': u'80', 'credit': u'1', 'gpa': u'3', 'lesson_name': u'\u7f51\u7403'}, {'grade': u'88', 'credit': u'3', 'gpa': u'3.7', 'lesson_name': u'\u9a6c\u514b\u601d\u4e3b\u4e49\u57fa\u672c\u539f\u7406\u6982\u8bba'}, {'grade': u'81', 'credit': u'3', 'gpa': u'3', 'lesson_name': u'\u6bdb\u6cfd\u4e1c\u601d\u60f3\u548c\u4e2d\u56fd\u7279\u8272\u793e\u4f1a\u4e3b\u4e49\u7406\u8bba\u4f53\u7cfb\u6982\u8bba\uff08\u4e0b\uff09'}, {'grade': u'85', 'credit': u'0.5', 'gpa': u'3.7', 'lesson_name': u'\u5f62\u52bf\u4e0e\u653f\u7b56\uff083\uff09'}], 'term': '2018-2019-1'}, {'grade': [{'grade': u'83', 'credit': u'3', 'gpa': u'3.3', 'lesson_name': u'\u52a8\u6001\u56fe\u5f62\u8bbe\u8ba1'}, {'grade': u'85', 'credit': u'2', 'gpa': u'3.7', 'lesson_name': u'\u5206\u955c\u8bbe\u8ba1'}, {'grade': u'87', 'credit': u'3', 'gpa': u'3.7', 'lesson_name': u'\u6570\u5b57\u89d2\u8272\u8bbe\u8ba1'}, {'grade': u'90', 'credit': u'2', 'gpa': u'4', 'lesson_name': u'\u4e2d\u5916\u7535\u5f71\u53ca\u7ecf\u5178\u4f5c\u54c1\u8d4f\u6790'}], 'term': '2018-2019-2'}]
login_fail_refresh_captcha
login_fail_refresh_captcha
login_fail_refresh_captcha
login_fail_refresh_captcha
login_fail_refresh_captcha
login_fail_refresh_captcha
login_fail_refresh_captcha
login_fail_refresh_captcha
login_fail_refresh_captcha
login_fail_refresh_captcha
login_fail_refresh_captcha
login_fail_refresh_captcha
login_fail_refresh_captcha
login_fail_refresh_captcha
login_fail_refresh_captcha
login_fail_refresh_captcha
login_fail_refresh_captcha
login_fail_refresh_captcha
login_fail_refresh_captcha
[{'grade': [{'grade': u'84', 'credit': u'2', 'gpa': u'3.3', 'lesson_name': u'\u653f\u6cbb\u7ecf\u6d4e\u5b66'}, {'grade': u'80', 'credit': u'2', 'gpa': u'3', 'lesson_name': u'\u8ba1\u7b97\u673a\u5e94\u7528\u57fa\u7840'}, {'grade': u'75', 'credit': u'4', 'gpa': u'2.7', 'lesson_name': u'\u5fae\u79ef\u5206\uff08\u4e0a\uff09'}, {'grade': u'79', 'credit': u'3', 'gpa': u'3', 'lesson_name': u'\u5927\u5b66\u82f1\u8bed\uff081\uff09'}, {'grade': u'90', 'credit': u'1', 'gpa': u'4', 'lesson_name': u'\u516c\u5171\u4f53\u80b2\uff081\uff09'}, {'grade': u'84', 'credit': u'2', 'gpa': u'3.3', 'lesson_name': u'\u519b\u8bad'}, {'grade': u'82', 'credit': u'2', 'gpa': u'3.3', 'lesson_name': u'\u519b\u4e8b\u7406\u8bba'}, {'grade': u'95', 'credit': u'1', 'gpa': u'4', 'lesson_name': u'\u5927\u5b66\u751f\u5fc3\u7406\u5065\u5eb7'}, {'grade': u'93', 'credit': u'2', 'gpa': u'4', 'lesson_name': u'\u4e2d\u56fd\u8fd1\u73b0\u4ee3\u53f2\u7eb2\u8981'}, {'grade': u'87', 'credit': u'0.5', 'gpa': u'3.7', 'lesson_name': u'\u5f62\u52bf\u4e0e\u653f\u7b56\uff081\uff09'}], 'term': u'2018-2019-1'}, {'grade': [{'grade': u'86', 'credit': u'3', 'gpa': u'3.7', 'lesson_name': u'\u5fae\u89c2\u7ecf\u6d4e\u5b66'}, {'grade': u'95', 'credit': u'2', 'gpa': u'4', 'lesson_name': u'\u6570\u636e\u5e93\u53ca\u5176\u5e94\u7528'}, {'grade': u'94', 'credit': u'0.5', 'gpa': u'4', 'lesson_name': u'\u5f62\u52bf\u4e0e\u653f\u7b56\uff081\uff09'}], 'term': u'2018-2019-2'}]
login_fail_refresh_captcha
login_fail_refresh_captcha
login_fail_refresh_captcha
login_fail_refresh_captcha
login_fail_refresh_captcha
login_fail_refresh_captcha
login_fail_refresh_captcha
login_fail_refresh_captcha
login_fail_refresh_captcha
login_fail_refresh_captcha
login_fail_refresh_captcha
login_fail_refresh_captcha
login_fail_refresh_captcha
login_fail_refresh_captcha
login_fail_refresh_captcha
login_fail_refresh_captcha
login_fail_refresh_captcha
login_fail_refresh_captcha
login_fail_refresh_captcha
login_fail_refresh_captcha
login_fail_refresh_captcha
login_fail_refresh_captcha
login_fail_refresh_captcha
login_fail_refresh_captcha
login_fail_refresh_captcha
login_fail_refresh_captcha
login_fail_refresh_captcha
login_fail_refresh_captcha
login_fail_refresh_captcha
login_fail_refresh_captcha
login_fail_refresh_captcha
[{'grade': [{'grade': u'73', 'credit': u'2', 'gpa': u'2.3', 'lesson_name': u'\u8ba1\u7b97\u673a\u5e94\u7528\u57fa\u7840'}, {'grade': u'73', 'credit': u'4', 'gpa': u'2.3', 'lesson_name': u'\u5fae\u79ef\u5206\uff08\u4e0a\uff09'}, {'grade': u'78', 'credit': u'3', 'gpa': u'3', 'lesson_name': u'\u5927\u5b66\u82f1\u8bed\uff081\uff09'}, {'grade': u'88', 'credit': u'1', 'gpa': u'3.7', 'lesson_name': u'\u516c\u5171\u4f53\u80b2\uff081\uff09'}, {'grade': u'85', 'credit': u'2', 'gpa': u'3.7', 'lesson_name': u'\u519b\u8bad'}, {'grade': u'90', 'credit': u'1', 'gpa': u'4', 'lesson_name': u'\u5927\u5b66\u751f\u5fc3\u7406\u5065\u5eb7'}, {'grade': u'90', 'credit': u'2', 'gpa': u'4', 'lesson_name': u'\u4e2d\u56fd\u8fd1\u73b0\u4ee3\u53f2\u7eb2\u8981'}], 'term': u'2018-2019-1'}, {'grade': [{'grade': u'88', 'credit': u'2', 'gpa': u'3.7', 'lesson_name': u'\u65c5\u6e38\u5b66'}, {'grade': u'87', 'credit': u'2', 'gpa': u'3.7', 'lesson_name': u'\u6570\u636e\u5e93\u53ca\u5176\u5e94\u7528'}, {'grade': u'92', 'credit': u'2', 'gpa': u'4', 'lesson_name': u'\u8c08\u5224\u8bed\u8a00\u8c0b\u7565'}], 'term': u'2018-2019-2'}]
[{'grade': [{'grade': u'73', 'credit': u'2', 'gpa': u'2.3', 'lesson_name': u'\u8ba1\u7b97\u673a\u5e94\u7528\u57fa\u7840'}, {'grade': u'73', 'credit': u'4', 'gpa': u'2.3', 'lesson_name': u'\u5fae\u79ef\u5206\uff08\u4e0a\uff09'}, {'grade': u'78', 'credit': u'3', 'gpa': u'3', 'lesson_name': u'\u5927\u5b66\u82f1\u8bed\uff081\uff09'}, {'grade': u'88', 'credit': u'1', 'gpa': u'3.7', 'lesson_name': u'\u516c\u5171\u4f53\u80b2\uff081\uff09'}, {'grade': u'85', 'credit': u'2', 'gpa': u'3.7', 'lesson_name': u'\u519b\u8bad'}, {'grade': u'90', 'credit': u'1', 'gpa': u'4', 'lesson_name': u'\u5927\u5b66\u751f\u5fc3\u7406\u5065\u5eb7'}, {'grade': u'90', 'credit': u'2', 'gpa': u'4', 'lesson_name': u'\u4e2d\u56fd\u8fd1\u73b0\u4ee3\u53f2\u7eb2\u8981'}], 'term': u'2018-2019-1'}, {'grade': [{'grade': u'88', 'credit': u'2', 'gpa': u'3.7', 'lesson_name': u'\u65c5\u6e38\u5b66'}, {'grade': u'87', 'credit': u'2', 'gpa': u'3.7', 'lesson_name': u'\u6570\u636e\u5e93\u53ca\u5176\u5e94\u7528'}, {'grade': u'92', 'credit': u'2', 'gpa': u'4', 'lesson_name': u'\u8c08\u5224\u8bed\u8a00\u8c0b\u7565'}], 'term': u'2018-2019-2'}]
login_fail_refresh_captcha
login_fail_refresh_captcha
login_fail_refresh_captcha
login_fail_refresh_captcha
login_fail_refresh_captcha
login_fail_refresh_captcha
login_fail_refresh_captcha
login_fail_refresh_captcha
login_fail_refresh_captcha
login_fail_refresh_captcha
login_fail_refresh_captcha
login_fail_refresh_captcha
login_fail_refresh_captcha
login_fail_refresh_captcha
login_fail_refresh_captcha
login_fail_refresh_captcha
login_fail_refresh_captcha
login_fail_refresh_captcha
login_fail_refresh_captcha
login_fail_refresh_captcha
[{'grade': [{'grade': u'94', 'credit': u'3', 'gpa': u'4', 'lesson_name': u'\u9ad8\u7b49\u6570\u5b66\uff08\u6587\uff09'}, {'grade': u'85', 'credit': u'2', 'gpa': u'3.7', 'lesson_name': u'\u8ba1\u7b97\u673a\u5e94\u7528\u57fa\u7840'}, {'grade': u'91', 'credit': u'3', 'gpa': u'4', 'lesson_name': u'\u5927\u5b66\u82f1\u8bed\uff081\uff09'}, {'grade': u'91', 'credit': u'3', 'gpa': u'4', 'lesson_name': u'\u5927\u5b66\u8bed\u6587'}, {'grade': u'77', 'credit': u'3', 'gpa': u'2.7', 'lesson_name': u'\u8fd1\u73b0\u4ee3\u56fd\u9645\u5173\u7cfb'}, {'grade': u'82', 'credit': u'1', 'gpa': u'3.3', 'lesson_name': u'\u516c\u5171\u4f53\u80b2\uff081\uff09'}, {'grade': u'84', 'credit': u'2', 'gpa': u'3.3', 'lesson_name': u'\u519b\u8bad'}, {'grade': u'90', 'credit': u'2', 'gpa': u'4', 'lesson_name': u'\u519b\u4e8b\u7406\u8bba'}, {'grade': u'96', 'credit': u'2', 'gpa': u'4', 'lesson_name': u'\u5927\u5b66\u751f\u5fc3\u7406\u5065\u5eb7'}, {'grade': u'89', 'credit': u'2', 'gpa': u'3.7', 'lesson_name': u'\u4e2d\u56fd\u8fd1\u73b0\u4ee3\u53f2\u7eb2\u8981'}, {'grade': u'88', 'credit': u'0.5', 'gpa': u'3.7', 'lesson_name': u'\u5f62\u52bf\u4e0e\u653f\u7b56\uff081\uff09'}], 'term': u'2017-2018-1'}, {'grade': [{'grade': u'99', 'credit': u'2', 'gpa': u'4', 'lesson_name': u'\u6570\u636e\u5e93\u53ca\u5176\u5e94\u7528'}, {'grade': u'93', 'credit': u'4', 'gpa': u'4', 'lesson_name': u'\u5927\u5b66\u82f1\u8bed\uff082\uff09'}, {'grade': u'90', 'credit': u'2', 'gpa': u'4', 'lesson_name': u'\u6f14\u8bb2\u4e0e\u53e3\u624d'}, {'grade': u'92', 'credit': u'3', 'gpa': u'4', 'lesson_name': u'\u5916\u4ea4\u5b66\u6982\u8bba\uff08\u53cc\u8bed\uff09'}, {'grade': u'87', 'credit': u'3', 'gpa': u'3.7', 'lesson_name': u'\u6218\u540e\u56fd\u9645\u5173\u7cfb\u53f2'}, {'grade': u'91', 'credit': u'3', 'gpa': u'4', 'lesson_name': u'\u56fd\u9645\u653f\u6cbb\u7ecf\u6d4e\u5b66'}, {'grade': u'86', 'credit': u'3', 'gpa': u'3.7', 'lesson_name': u'\u8fd1\u73b0\u4ee3\u4e2d\u56fd\u5916\u4ea4\u53f2'}, {'grade': u'92', 'credit': u'1', 'gpa': u'4', 'lesson_name': u'\u516c\u5171\u4f53\u80b2\uff082\uff09'}, {'grade': u'90', 'credit': u'3', 'gpa': u'4', 'lesson_name': u'\u9a6c\u514b\u601d\u4e3b\u4e49\u57fa\u672c\u539f\u7406\u6982\u8bba'}, {'grade': u'94', 'credit': u'3', 'gpa': u'4', 'lesson_name': u'\u6bdb\u6cfd\u4e1c\u601d\u60f3\u548c\u4e2d\u56fd\u7279\u8272\u793e\u4f1a\u4e3b\u4e49\u7406\u8bba\u4f53\u7cfb\u6982\u8bba\uff08\u4e0a\uff09'}, {'grade': u'94', 'credit': u'2', 'gpa': u'4', 'lesson_name': u'\u601d\u60f3\u9053\u5fb7\u4fee\u517b\u4e0e\u6cd5\u5f8b\u57fa\u7840'}, {'grade': u'91', 'credit': u'0.5', 'gpa': u'4', 'lesson_name': u'\u5f62\u52bf\u4e0e\u653f\u7b56\uff082\uff09'}, {'grade': u'97', 'credit': u'1', 'gpa': u'4', 'lesson_name': u'\u6570\u5b66\u7684\u5965\u79d8\uff1a\u672c\u8d28\u4e0e\u601d\u7ef4'}], 'term': u'2017-2018-2'}, {'grade': [{'grade': u'91', 'credit': u'2', 'gpa': u'4', 'lesson_name': u'\u4e16\u754c\u9057\u4ea7\u4e0e\u65c5\u6e38'}, {'grade': u'80', 'credit': u'3', 'gpa': u'3', 'lesson_name': u'\u5927\u5b66\u82f1\u8bed\uff083\uff09'}, {'grade': u'86', 'credit': u'3', 'gpa': u'3.7', 'lesson_name': u'\u56fd\u9645\u6218\u7565\u5b66'}, {'grade': u'94', 'credit': u'3', 'gpa': u'4', 'lesson_name': u'\u903b\u8f91\u5b66'}, {'grade': u'92', 'credit': u'3', 'gpa': u'4', 'lesson_name': u'\u897f\u65b9\u653f\u6cbb\u601d\u60f3\u53f2'}, {'grade': u'85', 'credit': u'3', 'gpa': u'3.7', 'lesson_name': u'\u653f\u6cbb\u5b66\u539f\u7406'}, {'grade': u'91', 'credit': u'2', 'gpa': u'4', 'lesson_name': u'\u519b\u5907\u63a7\u5236\u4e0e\u88c1\u519b'}, {'grade': u'93', 'credit': u'3', 'gpa': u'4', 'lesson_name': u'\u6bd4\u8f83\u653f\u6cbb\u5b66\u7406\u8bba\u4e0e\u65b9\u6cd5'}, {'grade': u'83', 'credit': u'3', 'gpa': u'3.3', 'lesson_name': u'\u4e2d\u56fd\u653f\u5e9c\u4e0e\u653f\u6cbb'}, {'grade': u'89', 'credit': u'1', 'gpa': u'3.7', 'lesson_name': u'\u4f53\u80b2\u4e13\u9879\uff081\uff09'}, {'grade': u'90', 'credit': u'3', 'gpa': u'4', 'lesson_name': u'\u6bdb\u6cfd\u4e1c\u601d\u60f3\u548c\u4e2d\u56fd\u7279\u8272\u793e\u4f1a\u4e3b\u4e49\u7406\u8bba\u4f53\u7cfb\u6982\u8bba\uff08\u4e0b\uff09'}, {'grade': u'89', 'credit': u'0.5', 'gpa': u'3.7', 'lesson_name': u'\u5f62\u52bf\u4e0e\u653f\u7b56\uff083\uff09'}], 'term': '2018-2019-1'}, {'grade': [{'grade': u'100', 'credit': u'2', 'gpa': u'4', 'lesson_name': u'\u4fc4\u4e2d\u7f8e\u4e09\u56fd\u6587\u5316\u5bf9\u6bd4\u6982\u8bba'}, {'grade': u'87', 'credit': u'3', 'gpa': u'3.7', 'lesson_name': u'\u56fd\u9645\u653f\u6cbb\u5b66\u6982\u8bba'}, {'grade': u'86', 'credit': u'3', 'gpa': u'3.7', 'lesson_name': u'\u4e9a\u592a\u7ecf\u6d4e\u4e0e\u653f\u6cbb\uff08\u53cc\u8bed\uff09'}, {'grade': u'86', 'credit': u'2', 'gpa': u'3.7', 'lesson_name': u'\u4e2d\u56fd\u5468\u8fb9\u5b89\u5168\u73af\u5883\u4e0e\u5bf9\u7b56\u5206\u6790'}, {'grade': u'90', 'credit': u'3', 'gpa': u'4', 'lesson_name': u'\u56fd\u9645\u4f20\u64ad\u4e0e\u82f1\u6587\u62a5\u520a\u9009\u8bfb'}], 'term': '2018-2019-2'}]
login_fail_refresh_captcha
login_fail_refresh_captcha
login_fail_refresh_captcha
[{'grade': [{'grade': u'77', 'credit': u'2', 'gpa': u'2.7', 'lesson_name': u'\u6cd5\u5b66\u901a\u8bba'}, {'grade': u'92', 'credit': u'2', 'gpa': u'4', 'lesson_name': u'\u8ba1\u7b97\u673a\u5e94\u7528\u57fa\u7840'}, {'grade': u'83', 'credit': u'4', 'gpa': u'3.3', 'lesson_name': u'\u5fae\u79ef\u5206\uff08\u4e0a\uff09'}, {'grade': u'86', 'credit': u'3', 'gpa': u'3.7', 'lesson_name': u'\u5927\u5b66\u82f1\u8bed\uff081\uff09'}, {'grade': u'85', 'credit': u'3', 'gpa': u'3.7', 'lesson_name': u'\u5927\u5b66\u8bed\u6587'}, {'grade': u'82', 'credit': u'3', 'gpa': u'3.3', 'lesson_name': u'\u793e\u4f1a\u539f\u7406'}, {'grade': u'99', 'credit': u'1', 'gpa': u'4', 'lesson_name': u'\u516c\u5171\u4f53\u80b2\uff081\uff09'}, {'grade': u'84', 'credit': u'2', 'gpa': u'3.3', 'lesson_name': u'\u519b\u8bad'}, {'grade': u'87', 'credit': u'2', 'gpa': u'3.7', 'lesson_name': u'\u5927\u5b66\u751f\u5fc3\u7406\u5065\u5eb7'}, {'grade': u'81', 'credit': u'2', 'gpa': u'3', 'lesson_name': u'\u601d\u60f3\u9053\u5fb7\u4fee\u517b\u4e0e\u6cd5\u5f8b\u57fa\u7840'}, {'grade': u'95', 'credit': u'0.5', 'gpa': u'4', 'lesson_name': u'\u5f62\u52bf\u4e0e\u653f\u7b56\uff081\uff09'}], 'term': u'2017-2018-1'}, {'grade': [{'grade': u'83', 'credit': u'3', 'gpa': u'3.3', 'lesson_name': u'\u5fae\u89c2\u7ecf\u6d4e\u5b66'}, {'grade': u'99', 'credit': u'2', 'gpa': u'4', 'lesson_name': u'\u6570\u636e\u5e93\u53ca\u5176\u5e94\u7528'}, {'grade': u'62', 'credit': u'4', 'gpa': u'1', 'lesson_name': u'\u5fae\u79ef\u5206\uff08\u4e0b\uff09'}, {'grade': u'98', 'credit': u'1', 'gpa': u'4', 'lesson_name': u'\u521b\u4e1a\u57fa\u7840'}, {'grade': u'88', 'credit': u'4', 'gpa': u'3.7', 'lesson_name': u'\u5927\u5b66\u82f1\u8bed\uff082\uff09'}, {'grade': u'97', 'credit': u'1', 'gpa': u'4', 'lesson_name': u'\u516c\u5171\u4f53\u80b2\uff082\uff09'}, {'grade': u'88', 'credit': u'2', 'gpa': u'3.7', 'lesson_name': u'\u519b\u4e8b\u7406\u8bba'}, {'grade': u'96', 'credit': u'2', 'gpa': u'4', 'lesson_name': u'\u5fc3\u7406\u5b66\u4e0e\u751f\u6d3b'}, {'grade': u'89', 'credit': u'3', 'gpa': u'3.7', 'lesson_name': u'\u9a6c\u514b\u601d\u4e3b\u4e49\u57fa\u672c\u539f\u7406\u6982\u8bba'}, {'grade': u'93', 'credit': u'3', 'gpa': u'4', 'lesson_name': u'\u6bdb\u6cfd\u4e1c\u601d\u60f3\u548c\u4e2d\u56fd\u7279\u8272\u793e\u4f1a\u4e3b\u4e49\u7406\u8bba\u4f53\u7cfb\u6982\u8bba\uff08\u4e0a\uff09'}, {'grade': u'93', 'credit': u'2', 'gpa': u'4', 'lesson_name': u'\u4e2d\u56fd\u8fd1\u73b0\u4ee3\u53f2\u7eb2\u8981'}, {'grade': u'92', 'credit': u'0.5', 'gpa': u'4', 'lesson_name': u'\u5f62\u52bf\u4e0e\u653f\u7b56\uff082\uff09'}], 'term': u'2017-2018-2'}, {'grade': [{'grade': u'89', 'credit': u'3', 'gpa': u'3.7', 'lesson_name': u'\u7535\u5b50\u5546\u52a1\u5bfc\u8bba'}, {'grade': u'86', 'credit': u'3', 'gpa': u'3.7', 'lesson_name': u'\u7ba1\u7406\u5b66'}, {'grade': u'93', 'credit': u'2', 'gpa': u'4', 'lesson_name': u'\u4f01\u4e1a\u6982\u8bba'}, {'grade': u'89', 'credit': u'3', 'gpa': u'3.7', 'lesson_name': u'\u7ec4\u7ec7\u884c\u4e3a\u5b66'}, {'grade': u'95', 'credit': u'3', 'gpa': u'4', 'lesson_name': u'\u73b0\u4ee3\u5546\u52a1\u6280\u672f\u5b9e\u9a8c'}, {'grade': u'94', 'credit': u'4', 'gpa': u'4', 'lesson_name': u'\u6982\u7387\u8bba\u4e0e\u6570\u7406\u7edf\u8ba1\uff08\u7ecf\u7ba1\uff09'}, {'grade': u'85', 'credit': u'3', 'gpa': u'3.7', 'lesson_name': u'\u5927\u5b66\u82f1\u8bed\uff083\uff09'}, {'grade': u'93', 'credit': u'2', 'gpa': u'4', 'lesson_name': u'\u4e2d\u56fd\u53e4\u5178\u540d\u5bb6\u6563\u6587\u9274\u8d4f'}, {'grade': u'98', 'credit': u'1', 'gpa': u'4', 'lesson_name': u'\u4f53\u80b2\u4e13\u9879\uff081\uff09'}, {'grade': u'97', 'credit': u'3', 'gpa': u'4', 'lesson_name': u'\u6bdb\u6cfd\u4e1c\u601d\u60f3\u548c\u4e2d\u56fd\u7279\u8272\u793e\u4f1a\u4e3b\u4e49\u7406\u8bba\u4f53\u7cfb\u6982\u8bba\uff08\u4e0b\uff09'}, {'grade': u'96', 'credit': u'0.5', 'gpa': u'4', 'lesson_name': u'\u5f62\u52bf\u4e0e\u653f\u7b56\uff083\uff09'}, {'grade': u'96', 'credit': u'2', 'gpa': u'4', 'lesson_name': u'\u4e2d\u56fd\u5efa\u7b51\u53f2\u2014\u2014\u5143\u660e\u6e05\u4e0e\u6c11\u5c45'}], 'term': '2018-2019-1'}, {'grade': [{'grade': u'94', 'credit': u'2', 'gpa': u'4', 'lesson_name': u'\u7535\u5b50\u5546\u52a1\u4e13\u4e1a\u82f1\u8bed'}, {'grade': u'87', 'credit': u'3', 'gpa': u'3.7', 'lesson_name': u'\u5e02\u573a\u8425\u9500\u5b66'}, {'grade': u'91', 'credit': u'2', 'gpa': u'4', 'lesson_name': u'\u897f\u65b9\u6587\u5b66\u7ecf\u5178\u8d4f\u6790'}, {'grade': u'89', 'credit': u'0.5', 'gpa': u'3.7', 'lesson_name': u'\u5f62\u52bf\u4e0e\u653f\u7b56\uff084\uff09'}], 'term': '2018-2019-2'}]
